<?xml version="1.0" encoding="UTF-8" standalone="yes"?>
<test>
    <some-date>
        2020-04-04 12:34:56
    </some-date>
</test>
